<?xml version="1.0" encoding="UTF-8"?>
<!-- Generated by org.testng.reporters.JUnitXMLReporter -->
<testsuite hostname="Eason-PC" name="test_seleniumcn" tests="2" failures="1" timestamp="16 Apr 2015 07:44:50 GMT" time="85.211" errors="0">
  <testcase name="testOne" time="38.084" classname="test.HelloworldWebdriverTestNG"/>
  <testcase name="testOne_Fail" time="30.512" classname="test.HelloworldWebdriverTestNG_Fail">
    <failure type="java.lang.AssertionError" message="expected [Selenium 中文论坛, Webdriver 中文论坛, Selenium2, 软件测试,web自动化测试_Fail] but found [selenium,webdriver,Selenium 中文论坛,Webdriver 中文论坛,Selenium2,软件测试,web自动化测试 - Powered by phpwind]">
      <![CDATA[java.lang.AssertionError: expected [Selenium 中文论坛, Webdriver 中文论坛, Selenium2, 软件测试,web自动化测试_Fail] but found [selenium,webdriver,Selenium 中文论坛,Webdriver 中文论坛,Selenium2,软件测试,web自动化测试 - Powered by phpwind]
	at test.HelloworldWebdriverTestNG_Fail.testOne_Fail(HelloworldWebdriverTestNG_Fail.java:43)
... Removed 28 stack frames]]>
    </failure>
  </testcase> <!-- testOne_Fail -->
</testsuite> <!-- test_seleniumcn -->
